# JRE version: OpenJDK Runtime Environment (16.0.1+9) (build 16.0.1+9-24)
# Java VM: OpenJDK 64-Bit Server VM (16.0.1+9-24, mixed mode, tiered, compressed oops, compressed class ptrs, g1 gc, windows-amd64)
GC Precious Log:
 CPUs: 4 total, 4 available
 Memory: 8064M
 Large Page Support: Disabled
 NUMA Support: Disabled
 Compressed Oops: Enabled (32-bit)
 Heap Region Size: 1M
 Heap Min Capacity: 8M
 Heap Initial Capacity: 128M
 Heap Max Capacity: 2018M
 Pre-touch: Disabled
 Parallel Workers: 4
 Concurrent Workers: 1
 Concurrent Refinement Workers: 4
 Periodic GC: Disabled
Heap:
 garbage-first heap   total 48128K, used 29384K [0x0000000081e00000, 0x0000000100000000)
  region size 1024K, 14 young (14336K), 2 survivors (2048K)
 Metaspace       used 28344K, committed 28544K, reserved 1081344K
  class space    used 3049K, committed 3136K, reserved 1048576K
GC Heap History (12 events):
Event: 0.742 GC heap before
{Heap before GC invocations=0 (full 0):
 garbage-first heap   total 131072K, used 12288K [0x0000000081e00000, 0x0000000100000000)
  region size 1024K, 13 young (13312K), 0 survivors (0K)
 Metaspace       used 6370K, committed 6528K, reserved 1056768K
  class space    used 514K, committed 576K, reserved 1048576K
}
Event: 0.746 GC heap after
{Heap after GC invocations=1 (full 0):
 garbage-first heap   total 131072K, used 5888K [0x0000000081e00000, 0x0000000100000000)
  region size 1024K, 2 young (2048K), 2 survivors (2048K)
 Metaspace       used 6370K, committed 6528K, reserved 1056768K
  class space    used 514K, committed 576K, reserved 1048576K
}
Event: 1.470 GC heap before
{Heap before GC invocations=1 (full 0):
 garbage-first heap   total 131072K, used 19200K [0x0000000081e00000, 0x0000000100000000)
  region size 1024K, 15 young (15360K), 2 survivors (2048K)
 Metaspace       used 11216K, committed 11392K, reserved 1064960K
  class space    used 976K, committed 1024K, reserved 1048576K
}
Event: 1.477 GC heap after
{Heap after GC invocations=2 (full 0):
 garbage-first heap   total 131072K, used 7321K [0x0000000081e00000, 0x0000000100000000)
  region size 1024K, 2 young (2048K), 2 survivors (2048K)
 Metaspace       used 11216K, committed 11392K, reserved 1064960K
  class space    used 976K, committed 1024K, reserved 1048576K
}
Event: 2.622 GC heap before
{Heap before GC invocations=2 (full 0):
 garbage-first heap   total 131072K, used 27801K [0x0000000081e00000, 0x0000000100000000)
  region size 1024K, 22 young (22528K), 2 survivors (2048K)
 Metaspace       used 14792K, committed 14976K, reserved 1064960K
  class space    used 1345K, committed 1472K, reserved 1048576K
}
Event: 2.630 GC heap after
{Heap after GC invocations=3 (full 0):
 garbage-first heap   total 131072K, used 9686K [0x0000000081e00000, 0x0000000100000000)
  region size 1024K, 3 young (3072K), 3 survivors (3072K)
 Metaspace       used 14792K, committed 14976K, reserved 1064960K
  class space    used 1345K, committed 1472K, reserved 1048576K
}
Event: 4.182 GC heap before
{Heap before GC invocations=3 (full 0):
 garbage-first heap   total 131072K, used 56790K [0x0000000081e00000, 0x0000000100000000)
  region size 1024K, 50 young (51200K), 3 survivors (3072K)
 Metaspace       used 21166K, committed 21248K, reserved 1073152K
  class space    used 2066K, committed 2112K, reserved 1048576K
}
Event: 4.191 GC heap after
{Heap after GC invocations=4 (full 0):
 garbage-first heap   total 131072K, used 12440K [0x0000000081e00000, 0x0000000100000000)
  region size 1024K, 5 young (5120K), 5 survivors (5120K)
 Metaspace       used 21166K, committed 21248K, reserved 1073152K
  class space    used 2066K, committed 2112K, reserved 1048576K
}
Event: 4.851 GC heap before
{Heap before GC invocations=5 (full 0):
 garbage-first heap   total 48128K, used 35992K [0x0000000081e00000, 0x0000000100000000)
  region size 1024K, 28 young (28672K), 5 survivors (5120K)
 Metaspace       used 24414K, committed 24576K, reserved 1073152K
  class space    used 2510K, committed 2560K, reserved 1048576K
}
Event: 4.866 GC heap after
{Heap after GC invocations=6 (full 0):
 garbage-first heap   total 48128K, used 13780K [0x0000000081e00000, 0x0000000100000000)
  region size 1024K, 2 young (2048K), 2 survivors (2048K)
 Metaspace       used 24414K, committed 24576K, reserved 1073152K
  class space    used 2510K, committed 2560K, reserved 1048576K
}
Event: 5.736 GC heap before
{Heap before GC invocations=6 (full 0):
 garbage-first heap   total 48128K, used 32212K [0x0000000081e00000, 0x0000000100000000)
  region size 1024K, 20 young (20480K), 2 survivors (2048K)
 Metaspace       used 26881K, committed 27072K, reserved 1081344K
  class space    used 2842K, committed 2944K, reserved 1048576K
}
Event: 5.741 GC heap after
{Heap after GC invocations=7 (full 0):
 garbage-first heap   total 48128K, used 14024K [0x0000000081e00000, 0x0000000100000000)
  region size 1024K, 2 young (2048K), 2 survivors (2048K)
 Metaspace       used 26881K, committed 27072K, reserved 1081344K
  class space    used 2842K, committed 2944K, reserved 1048576K
}

